[ +119 ms] Artifact Instance of 'MaterialFonts' is not required, skipping update.
[   +1 ms] Artifact Instance of 'GradleWrapper' is not required, skipping update.
[        ] Artifact Instance of 'AndroidGenSnapshotArtifacts' is not required, skipping update.
[        ] Artifact Instance of 'AndroidInternalBuildArtifacts' is not required, skipping update.
[        ] Artifact Instance of 'IOSEngineArtifacts' is not required, skipping update.
[        ] Artifact Instance of 'FlutterWebSdk' is not required, skipping update.
[   +1 ms] Artifact Instance of 'LegacyCanvasKitRemover' is not required, skipping update.
[        ] Artifact Instance of 'FlutterSdk' is not required, skipping update.
[        ] Artifact Instance of 'WindowsEngineArtifacts' is not required, skipping update.
[        ] Artifact Instance of 'MacOSEngineArtifacts' is not required, skipping update.
[        ] Artifact Instance of 'LinuxEngineArtifacts' is not required, skipping update.
[        ] Artifact Instance of 'LinuxFuchsiaSDKArtifacts' is not required, skipping update.
[        ] Artifact Instance of 'MacOSFuchsiaSDKArtifacts' is not required, skipping update.
[        ] Artifact Instance of 'FlutterRunnerSDKArtifacts' is not required, skipping update.
[        ] Artifact Instance of 'FlutterRunnerDebugSymbols' is not required, skipping update.
[        ] Artifact Instance of 'IosUsbArtifacts' is not required, skipping update.
[        ] Artifact Instance of 'IosUsbArtifacts' is not required, skipping update.
[        ] Artifact Instance of 'IosUsbArtifacts' is not required, skipping update.
[        ] Artifact Instance of 'IosUsbArtifacts' is not required, skipping update.
[        ] Artifact Instance of 'IosUsbArtifacts' is not required, skipping update.
[        ] Artifact Instance of 'IosUsbArtifacts' is not required, skipping update.
[        ] Artifact Instance of 'FontSubsetArtifacts' is not required, skipping update.
[        ] Artifact Instance of 'PubDependencies' is not required, skipping update.
[  +87 ms] Artifact Instance of 'AndroidGenSnapshotArtifacts' is not required, skipping update.
[        ] Artifact Instance of 'AndroidInternalBuildArtifacts' is not required, skipping update.
[        ] Artifact Instance of 'IOSEngineArtifacts' is not required, skipping update.
[        ] Artifact Instance of 'FlutterWebSdk' is not required, skipping update.
[        ] Artifact Instance of 'FlutterEngineStamp' is not required, skipping update.
[        ] Artifact Instance of 'LegacyCanvasKitRemover' is not required, skipping update.
[   +3 ms] Artifact Instance of 'WindowsEngineArtifacts' is not required, skipping update.
[        ] Artifact Instance of 'MacOSEngineArtifacts' is not required, skipping update.
[        ] Artifact Instance of 'LinuxEngineArtifacts' is not required, skipping update.
[        ] Artifact Instance of 'LinuxFuchsiaSDKArtifacts' is not required, skipping update.
[        ] Artifact Instance of 'MacOSFuchsiaSDKArtifacts' is not required, skipping update.
[        ] Artifact Instance of 'FlutterRunnerSDKArtifacts' is not required, skipping update.
[        ] Artifact Instance of 'FlutterRunnerDebugSymbols' is not required, skipping update.
[  +50 ms] Artifact Instance of 'MaterialFonts' is not required, skipping update.
[        ] Artifact Instance of 'GradleWrapper' is not required, skipping update.
[   +2 ms] Artifact Instance of 'AndroidInternalBuildArtifacts' is not required, skipping update.
[        ] Artifact Instance of 'IOSEngineArtifacts' is not required, skipping update.
[        ] Artifact Instance of 'FlutterWebSdk' is not required, skipping update.
[        ] Artifact Instance of 'FlutterEngineStamp' is not required, skipping update.
[        ] Artifact Instance of 'LegacyCanvasKitRemover' is not required, skipping update.
[        ] Artifact Instance of 'FlutterSdk' is not required, skipping update.
[        ] Artifact Instance of 'WindowsEngineArtifacts' is not required, skipping update.
[        ] Artifact Instance of 'MacOSEngineArtifacts' is not required, skipping update.
[        ] Artifact Instance of 'LinuxEngineArtifacts' is not required, skipping update.
[        ] Artifact Instance of 'LinuxFuchsiaSDKArtifacts' is not required, skipping update.
[        ] Artifact Instance of 'MacOSFuchsiaSDKArtifacts' is not required, skipping update.
[        ] Artifact Instance of 'FlutterRunnerSDKArtifacts' is not required, skipping update.
[        ] Artifact Instance of 'FlutterRunnerDebugSymbols' is not required, skipping update.
[        ] Artifact Instance of 'IosUsbArtifacts' is not required, skipping update.
[        ] Artifact Instance of 'IosUsbArtifacts' is not required, skipping update.
[        ] Artifact Instance of 'IosUsbArtifacts' is not required, skipping update.
[        ] Artifact Instance of 'IosUsbArtifacts' is not required, skipping update.
[        ] Artifact Instance of 'IosUsbArtifacts' is not required, skipping update.
[        ] Artifact Instance of 'IosUsbArtifacts' is not required, skipping update.
[        ] Artifact Instance of 'FontSubsetArtifacts' is not required, skipping update.
[        ] Artifact Instance of 'PubDependencies' is not required, skipping update.
[  +77 ms] Skipping pub get: version match.
[ +210 ms] Found plugin flutter_native_splash at C:\Users\Ritzu\AppData\Local\Pub\Cache\hosted\pub.dev\flutter_native_splash-2.4.7\
[  +21 ms] Found plugin windows_taskbar at C:\Users\Ritzu\AppData\Local\Pub\Cache\hosted\pub.dev\windows_taskbar-1.1.2\
[   +2 ms] Found plugin window_manager at C:\Users\Ritzu\AppData\Local\Pub\Cache\hosted\pub.dev\window_manager-0.4.3\
[   +2 ms] Found plugin screen_retriever at C:\Users\Ritzu\AppData\Local\Pub\Cache\hosted\pub.dev\screen_retriever-0.2.0\
[   +2 ms] Found plugin screen_retriever_windows at C:\Users\Ritzu\AppData\Local\Pub\Cache\hosted\pub.dev\screen_retriever_windows-0.2.0\
[   +5 ms] Found plugin screen_retriever_macos at C:\Users\Ritzu\AppData\Local\Pub\Cache\hosted\pub.dev\screen_retriever_macos-0.2.0\
[   +2 ms] Found plugin screen_retriever_linux at C:\Users\Ritzu\AppData\Local\Pub\Cache\hosted\pub.dev\screen_retriever_linux-0.2.0\
[   +2 ms] Found plugin tray_manager at C:\Users\Ritzu\AppData\Local\Pub\Cache\hosted\pub.dev\tray_manager-0.2.4\
[   +4 ms] Found plugin smtc_windows at C:\Users\Ritzu\AppData\Local\Pub\Cache\hosted\pub.dev\smtc_windows-1.1.0\
[  +24 ms] Found plugin shared_preferences at C:\Users\Ritzu\AppData\Local\Pub\Cache\hosted\pub.dev\shared_preferences-2.5.4\
[   +7 ms] Found plugin shared_preferences_windows at C:\Users\Ritzu\AppData\Local\Pub\Cache\hosted\pub.dev\shared_preferences_windows-2.4.1\
[   +9 ms] Found plugin path_provider_windows at C:\Users\Ritzu\AppData\Local\Pub\Cache\hosted\pub.dev\path_provider_windows-2.3.0\
[   +9 ms] Found plugin shared_preferences_web at C:\Users\Ritzu\AppData\Local\Pub\Cache\hosted\pub.dev\shared_preferences_web-2.4.3\
[   +2 ms] Found plugin shared_preferences_linux at C:\Users\Ritzu\AppData\Local\Pub\Cache\hosted\pub.dev\shared_preferences_linux-2.4.1\
[   +2 ms] Found plugin path_provider_linux at C:\Users\Ritzu\AppData\Local\Pub\Cache\hosted\pub.dev\path_provider_linux-2.2.1\
[   +4 ms] Found plugin shared_preferences_foundation at C:\Users\Ritzu\AppData\Local\Pub\Cache\hosted\pub.dev\shared_preferences_foundation-2.5.6\
[   +5 ms] Found plugin shared_preferences_android at C:\Users\Ritzu\AppData\Local\Pub\Cache\hosted\pub.dev\shared_preferences_android-2.4.18\
[   +3 ms] Found plugin permission_handler at C:\Users\Ritzu\AppData\Local\Pub\Cache\hosted\pub.dev\permission_handler-11.4.0\
[   +4 ms] Found plugin permission_handler_windows at C:\Users\Ritzu\AppData\Local\Pub\Cache\hosted\pub.dev\permission_handler_windows-0.2.1\
[   +5 ms] Found plugin permission_handler_html at C:\Users\Ritzu\AppData\Local\Pub\Cache\hosted\pub.dev\permission_handler_html-0.1.3+5\
[   +4 ms] Found plugin permission_handler_apple at C:\Users\Ritzu\AppData\Local\Pub\Cache\hosted\pub.dev\permission_handler_apple-9.4.7\
[   +1 ms] Found plugin permission_handler_android at C:\Users\Ritzu\AppData\Local\Pub\Cache\hosted\pub.dev\permission_handler_android-12.1.0\
[   +1 ms] Found plugin path_provider at C:\Users\Ritzu\AppData\Local\Pub\Cache\hosted\pub.dev\path_provider-2.1.5\
[   +1 ms] Found plugin path_provider_foundation at C:\Users\Ritzu\AppData\Local\Pub\Cache\hosted\pub.dev\path_provider_foundation-2.5.1\
[   +1 ms] Found plugin path_provider_android at C:\Users\Ritzu\AppData\Local\Pub\Cache\hosted\pub.dev\path_provider_android-2.2.22\
[   +1 ms] Found plugin package_info_plus at C:\Users\Ritzu\AppData\Local\Pub\Cache\hosted\pub.dev\package_info_plus-9.0.0\
[   +6 ms] Found plugin ota_update at C:\Users\Ritzu\AppData\Local\Pub\Cache\hosted\pub.dev\ota_update-7.1.0\
[   +3 ms] Found plugin on_audio_query_pluse at C:\Users\Ritzu\AppData\Local\Pub\Cache\hosted\pub.dev\on_audio_query_pluse-3.0.6\
[   +2 ms] Found plugin on_audio_query_web at C:\Users\Ritzu\AppData\Local\Pub\Cache\hosted\pub.dev\on_audio_query_web-1.6.0\
[   +5 ms] Found plugin on_audio_query_plus_android at C:\Users\Ritzu\AppData\Local\Pub\Cache\hosted\pub.dev\on_audio_query_plus_android-1.2.2\
[   +1 ms] Found plugin on_audio_query_ios at C:\Users\Ritzu\AppData\Local\Pub\Cache\hosted\pub.dev\on_audio_query_ios-1.1.0\
[   +1 ms] Found plugin media_kit_libs_windows_audio at C:\Users\Ritzu\AppData\Local\Pub\Cache\hosted\pub.dev\media_kit_libs_windows_audio-1.0.9\
[   +7 ms] Found plugin just_audio_windows at C:\Users\Ritzu\AppData\Local\Pub\Cache\hosted\pub.dev\just_audio_windows-0.2.2\
[   +1 ms] Found plugin just_audio at C:\Users\Ritzu\AppData\Local\Pub\Cache\hosted\pub.dev\just_audio-0.9.46\
[   +1 ms] Found plugin just_audio_web at C:\Users\Ritzu\AppData\Local\Pub\Cache\hosted\pub.dev\just_audio_web-0.4.16\
[   +2 ms] Found plugin audio_session at C:\Users\Ritzu\AppData\Local\Pub\Cache\hosted\pub.dev\audio_session-0.1.25\
[   +1 ms] Found plugin home_widget at C:\Users\Ritzu\AppData\Local\Pub\Cache\hosted\pub.dev\home_widget-0.9.0\
[   +5 ms] Found plugin flutter_image_compress at C:\Users\Ritzu\AppData\Local\Pub\Cache\hosted\pub.dev\flutter_image_compress-2.4.0\
[   +1 ms] Found plugin flutter_image_compress_web at C:\Users\Ritzu\AppData\Local\Pub\Cache\hosted\pub.dev\flutter_image_compress_web-0.1.5\
[   +3 ms] Found plugin flutter_image_compress_ohos at C:\Users\Ritzu\AppData\Local\Pub\Cache\hosted\pub.dev\flutter_image_compress_ohos-0.0.3\
[   +1 ms] Found plugin flutter_image_compress_macos at C:\Users\Ritzu\AppData\Local\Pub\Cache\hosted\pub.dev\flutter_image_compress_macos-1.0.3\
[   +3 ms] Found plugin flutter_image_compress_common at C:\Users\Ritzu\AppData\Local\Pub\Cache\hosted\pub.dev\flutter_image_compress_common-1.0.6\
[   +2 ms] Found plugin file_picker at C:\Users\Ritzu\AppData\Local\Pub\Cache\hosted\pub.dev\file_picker-8.3.7\
[   +2 ms] Found plugin flutter_plugin_android_lifecycle at C:\Users\Ritzu\AppData\Local\Pub\Cache\hosted\pub.dev\flutter_plugin_android_lifecycle-2.0.33\
[   +6 ms] Found plugin audio_service at C:\Users\Ritzu\AppData\Local\Pub\Cache\hosted\pub.dev\audio_service-0.18.18\
[   +4 ms] Found plugin sqflite at C:\Users\Ritzu\AppData\Local\Pub\Cache\hosted\pub.dev\sqflite-2.4.2\
[   +5 ms] Found plugin sqflite_darwin at C:\Users\Ritzu\AppData\Local\Pub\Cache\hosted\pub.dev\sqflite_darwin-2.4.2\
[   +1 ms] Found plugin sqflite_android at C:\Users\Ritzu\AppData\Local\Pub\Cache\hosted\pub.dev\sqflite_android-2.4.2+2\
[   +2 ms] Found plugin audio_service_web at C:\Users\Ritzu\AppData\Local\Pub\Cache\hosted\pub.dev\audio_service_web-0.1.4\
[ +141 ms] Found plugin flutter_native_splash at C:\Users\Ritzu\AppData\Local\Pub\Cache\hosted\pub.dev\flutter_native_splash-2.4.7\
[   +9 ms] Found plugin windows_taskbar at C:\Users\Ritzu\AppData\Local\Pub\Cache\hosted\pub.dev\windows_taskbar-1.1.2\
[   +1 ms] Found plugin window_manager at C:\Users\Ritzu\AppData\Local\Pub\Cache\hosted\pub.dev\window_manager-0.4.3\
[   +1 ms] Found plugin screen_retriever at C:\Users\Ritzu\AppData\Local\Pub\Cache\hosted\pub.dev\screen_retriever-0.2.0\
[   +1 ms] Found plugin screen_retriever_windows at C:\Users\Ritzu\AppData\Local\Pub\Cache\hosted\pub.dev\screen_retriever_windows-0.2.0\
[   +3 ms] Found plugin screen_retriever_macos at C:\Users\Ritzu\AppData\Local\Pub\Cache\hosted\pub.dev\screen_retriever_macos-0.2.0\
[   +1 ms] Found plugin screen_retriever_linux at C:\Users\Ritzu\AppData\Local\Pub\Cache\hosted\pub.dev\screen_retriever_linux-0.2.0\
[   +1 ms] Found plugin tray_manager at C:\Users\Ritzu\AppData\Local\Pub\Cache\hosted\pub.dev\tray_manager-0.2.4\
[   +2 ms] Found plugin smtc_windows at C:\Users\Ritzu\AppData\Local\Pub\Cache\hosted\pub.dev\smtc_windows-1.1.0\
[   +4 ms] Found plugin shared_preferences at C:\Users\Ritzu\AppData\Local\Pub\Cache\hosted\pub.dev\shared_preferences-2.5.4\
[   +1 ms] Found plugin shared_preferences_windows at C:\Users\Ritzu\AppData\Local\Pub\Cache\hosted\pub.dev\shared_preferences_windows-2.4.1\
[   +2 ms] Found plugin path_provider_windows at C:\Users\Ritzu\AppData\Local\Pub\Cache\hosted\pub.dev\path_provider_windows-2.3.0\
[   +2 ms] Found plugin shared_preferences_web at C:\Users\Ritzu\AppData\Local\Pub\Cache\hosted\pub.dev\shared_preferences_web-2.4.3\
[   +1 ms] Found plugin shared_preferences_linux at C:\Users\Ritzu\AppData\Local\Pub\Cache\hosted\pub.dev\shared_preferences_linux-2.4.1\
[   +1 ms] Found plugin path_provider_linux at C:\Users\Ritzu\AppData\Local\Pub\Cache\hosted\pub.dev\path_provider_linux-2.2.1\
[   +1 ms] Found plugin shared_preferences_foundation at C:\Users\Ritzu\AppData\Local\Pub\Cache\hosted\pub.dev\shared_preferences_foundation-2.5.6\
[        ] Found plugin shared_preferences_android at C:\Users\Ritzu\AppData\Local\Pub\Cache\hosted\pub.dev\shared_preferences_android-2.4.18\
[        ] Found plugin permission_handler at C:\Users\Ritzu\AppData\Local\Pub\Cache\hosted\pub.dev\permission_handler-11.4.0\
[        ] Found plugin permission_handler_windows at C:\Users\Ritzu\AppData\Local\Pub\Cache\hosted\pub.dev\permission_handler_windows-0.2.1\
[   +1 ms] Found plugin permission_handler_html at C:\Users\Ritzu\AppData\Local\Pub\Cache\hosted\pub.dev\permission_handler_html-0.1.3+5\
[   +1 ms] Found plugin permission_handler_apple at C:\Users\Ritzu\AppData\Local\Pub\Cache\hosted\pub.dev\permission_handler_apple-9.4.7\
[   +1 ms] Found plugin permission_handler_android at C:\Users\Ritzu\AppData\Local\Pub\Cache\hosted\pub.dev\permission_handler_android-12.1.0\
[   +1 ms] Found plugin path_provider at C:\Users\Ritzu\AppData\Local\Pub\Cache\hosted\pub.dev\path_provider-2.1.5\
[        ] Found plugin path_provider_foundation at C:\Users\Ritzu\AppData\Local\Pub\Cache\hosted\pub.dev\path_provider_foundation-2.5.1\
[   +1 ms] Found plugin path_provider_android at C:\Users\Ritzu\AppData\Local\Pub\Cache\hosted\pub.dev\path_provider_android-2.2.22\
[   +1 ms] Found plugin package_info_plus at C:\Users\Ritzu\AppData\Local\Pub\Cache\hosted\pub.dev\package_info_plus-9.0.0\
[   +2 ms] Found plugin ota_update at C:\Users\Ritzu\AppData\Local\Pub\Cache\hosted\pub.dev\ota_update-7.1.0\
[        ] Found plugin on_audio_query_pluse at C:\Users\Ritzu\AppData\Local\Pub\Cache\hosted\pub.dev\on_audio_query_pluse-3.0.6\
[        ] Found plugin on_audio_query_web at C:\Users\Ritzu\AppData\Local\Pub\Cache\hosted\pub.dev\on_audio_query_web-1.6.0\
[   +2 ms] Found plugin on_audio_query_plus_android at C:\Users\Ritzu\AppData\Local\Pub\Cache\hosted\pub.dev\on_audio_query_plus_android-1.2.2\
[   +1 ms] Found plugin on_audio_query_ios at C:\Users\Ritzu\AppData\Local\Pub\Cache\hosted\pub.dev\on_audio_query_ios-1.1.0\
[   +1 ms] Found plugin media_kit_libs_windows_audio at C:\Users\Ritzu\AppData\Local\Pub\Cache\hosted\pub.dev\media_kit_libs_windows_audio-1.0.9\
[   +7 ms] Found plugin just_audio_windows at C:\Users\Ritzu\AppData\Local\Pub\Cache\hosted\pub.dev\just_audio_windows-0.2.2\
[   +2 ms] Found plugin just_audio at C:\Users\Ritzu\AppData\Local\Pub\Cache\hosted\pub.dev\just_audio-0.9.46\
[   +1 ms] Found plugin just_audio_web at C:\Users\Ritzu\AppData\Local\Pub\Cache\hosted\pub.dev\just_audio_web-0.4.16\
[   +3 ms] Found plugin audio_session at C:\Users\Ritzu\AppData\Local\Pub\Cache\hosted\pub.dev\audio_session-0.1.25\
[   +2 ms] Found plugin home_widget at C:\Users\Ritzu\AppData\Local\Pub\Cache\hosted\pub.dev\home_widget-0.9.0\
[   +5 ms] Found plugin flutter_image_compress at C:\Users\Ritzu\AppData\Local\Pub\Cache\hosted\pub.dev\flutter_image_compress-2.4.0\
[   +1 ms] Found plugin flutter_image_compress_web at C:\Users\Ritzu\AppData\Local\Pub\Cache\hosted\pub.dev\flutter_image_compress_web-0.1.5\
[   +2 ms] Found plugin flutter_image_compress_ohos at C:\Users\Ritzu\AppData\Local\Pub\Cache\hosted\pub.dev\flutter_image_compress_ohos-0.0.3\
[   +1 ms] Found plugin flutter_image_compress_macos at C:\Users\Ritzu\AppData\Local\Pub\Cache\hosted\pub.dev\flutter_image_compress_macos-1.0.3\
[   +1 ms] Found plugin flutter_image_compress_common at C:\Users\Ritzu\AppData\Local\Pub\Cache\hosted\pub.dev\flutter_image_compress_common-1.0.6\
[   +1 ms] Found plugin file_picker at C:\Users\Ritzu\AppData\Local\Pub\Cache\hosted\pub.dev\file_picker-8.3.7\
[   +1 ms] Found plugin flutter_plugin_android_lifecycle at C:\Users\Ritzu\AppData\Local\Pub\Cache\hosted\pub.dev\flutter_plugin_android_lifecycle-2.0.33\
[   +2 ms] Found plugin audio_service at C:\Users\Ritzu\AppData\Local\Pub\Cache\hosted\pub.dev\audio_service-0.18.18\
[   +2 ms] Found plugin sqflite at C:\Users\Ritzu\AppData\Local\Pub\Cache\hosted\pub.dev\sqflite-2.4.2\
[   +2 ms] Found plugin sqflite_darwin at C:\Users\Ritzu\AppData\Local\Pub\Cache\hosted\pub.dev\sqflite_darwin-2.4.2\
[        ] Found plugin sqflite_android at C:\Users\Ritzu\AppData\Local\Pub\Cache\hosted\pub.dev\sqflite_android-2.4.2+2\
[   +1 ms] Found plugin audio_service_web at C:\Users\Ritzu\AppData\Local\Pub\Cache\hosted\pub.dev\audio_service_web-0.1.4\
[  +16 ms] Skipping generating web_plugin_registrant.dart because it is up-to-date.
[  +69 ms] Found plugin flutter_native_splash at C:\Users\Ritzu\AppData\Local\Pub\Cache\hosted\pub.dev\flutter_native_splash-2.4.7\
[   +8 ms] Found plugin windows_taskbar at C:\Users\Ritzu\AppData\Local\Pub\Cache\hosted\pub.dev\windows_taskbar-1.1.2\
[        ] Found plugin window_manager at C:\Users\Ritzu\AppData\Local\Pub\Cache\hosted\pub.dev\window_manager-0.4.3\
[        ] Found plugin screen_retriever at C:\Users\Ritzu\AppData\Local\Pub\Cache\hosted\pub.dev\screen_retriever-0.2.0\
[        ] Found plugin screen_retriever_windows at C:\Users\Ritzu\AppData\Local\Pub\Cache\hosted\pub.dev\screen_retriever_windows-0.2.0\
[   +1 ms] Found plugin screen_retriever_macos at C:\Users\Ritzu\AppData\Local\Pub\Cache\hosted\pub.dev\screen_retriever_macos-0.2.0\
[        ] Found plugin screen_retriever_linux at C:\Users\Ritzu\AppData\Local\Pub\Cache\hosted\pub.dev\screen_retriever_linux-0.2.0\
[        ] Found plugin tray_manager at C:\Users\Ritzu\AppData\Local\Pub\Cache\hosted\pub.dev\tray_manager-0.2.4\
[   +2 ms] Found plugin smtc_windows at C:\Users\Ritzu\AppData\Local\Pub\Cache\hosted\pub.dev\smtc_windows-1.1.0\
[   +3 ms] Found plugin shared_preferences at C:\Users\Ritzu\AppData\Local\Pub\Cache\hosted\pub.dev\shared_preferences-2.5.4\
[        ] Found plugin shared_preferences_windows at C:\Users\Ritzu\AppData\Local\Pub\Cache\hosted\pub.dev\shared_preferences_windows-2.4.1\
[   +1 ms] Found plugin path_provider_windows at C:\Users\Ritzu\AppData\Local\Pub\Cache\hosted\pub.dev\path_provider_windows-2.3.0\
[   +2 ms] Found plugin shared_preferences_web at C:\Users\Ritzu\AppData\Local\Pub\Cache\hosted\pub.dev\shared_preferences_web-2.4.3\
[        ] Found plugin shared_preferences_linux at C:\Users\Ritzu\AppData\Local\Pub\Cache\hosted\pub.dev\shared_preferences_linux-2.4.1\
[        ] Found plugin path_provider_linux at C:\Users\Ritzu\AppData\Local\Pub\Cache\hosted\pub.dev\path_provider_linux-2.2.1\
[   +1 ms] Found plugin shared_preferences_foundation at C:\Users\Ritzu\AppData\Local\Pub\Cache\hosted\pub.dev\shared_preferences_foundation-2.5.6\
[        ] Found plugin shared_preferences_android at C:\Users\Ritzu\AppData\Local\Pub\Cache\hosted\pub.dev\shared_preferences_android-2.4.18\
[        ] Found plugin permission_handler at C:\Users\Ritzu\AppData\Local\Pub\Cache\hosted\pub.dev\permission_handler-11.4.0\
[        ] Found plugin permission_handler_windows at C:\Users\Ritzu\AppData\Local\Pub\Cache\hosted\pub.dev\permission_handler_windows-0.2.1\
[   +1 ms] Found plugin permission_handler_html at C:\Users\Ritzu\AppData\Local\Pub\Cache\hosted\pub.dev\permission_handler_html-0.1.3+5\
[        ] Found plugin permission_handler_apple at C:\Users\Ritzu\AppData\Local\Pub\Cache\hosted\pub.dev\permission_handler_apple-9.4.7\
[        ] Found plugin permission_handler_android at C:\Users\Ritzu\AppData\Local\Pub\Cache\hosted\pub.dev\permission_handler_android-12.1.0\
[        ] Found plugin path_provider at C:\Users\Ritzu\AppData\Local\Pub\Cache\hosted\pub.dev\path_provider-2.1.5\
[        ] Found plugin path_provider_foundation at C:\Users\Ritzu\AppData\Local\Pub\Cache\hosted\pub.dev\path_provider_foundation-2.5.1\
[        ] Found plugin path_provider_android at C:\Users\Ritzu\AppData\Local\Pub\Cache\hosted\pub.dev\path_provider_android-2.2.22\
[        ] Found plugin package_info_plus at C:\Users\Ritzu\AppData\Local\Pub\Cache\hosted\pub.dev\package_info_plus-9.0.0\
[   +1 ms] Found plugin ota_update at C:\Users\Ritzu\AppData\Local\Pub\Cache\hosted\pub.dev\ota_update-7.1.0\
[        ] Found plugin on_audio_query_pluse at C:\Users\Ritzu\AppData\Local\Pub\Cache\hosted\pub.dev\on_audio_query_pluse-3.0.6\
[        ] Found plugin on_audio_query_web at C:\Users\Ritzu\AppData\Local\Pub\Cache\hosted\pub.dev\on_audio_query_web-1.6.0\
[   +1 ms] Found plugin on_audio_query_plus_android at C:\Users\Ritzu\AppData\Local\Pub\Cache\hosted\pub.dev\on_audio_query_plus_android-1.2.2\
[        ] Found plugin on_audio_query_ios at C:\Users\Ritzu\AppData\Local\Pub\Cache\hosted\pub.dev\on_audio_query_ios-1.1.0\
[        ] Found plugin media_kit_libs_windows_audio at C:\Users\Ritzu\AppData\Local\Pub\Cache\hosted\pub.dev\media_kit_libs_windows_audio-1.0.9\
[   +3 ms] Found plugin just_audio_windows at C:\Users\Ritzu\AppData\Local\Pub\Cache\hosted\pub.dev\just_audio_windows-0.2.2\
[   +1 ms] Found plugin just_audio at C:\Users\Ritzu\AppData\Local\Pub\Cache\hosted\pub.dev\just_audio-0.9.46\
[   +1 ms] Found plugin just_audio_web at C:\Users\Ritzu\AppData\Local\Pub\Cache\hosted\pub.dev\just_audio_web-0.4.16\
[   +1 ms] Found plugin audio_session at C:\Users\Ritzu\AppData\Local\Pub\Cache\hosted\pub.dev\audio_session-0.1.25\
[        ] Found plugin home_widget at C:\Users\Ritzu\AppData\Local\Pub\Cache\hosted\pub.dev\home_widget-0.9.0\
[   +2 ms] Found plugin flutter_image_compress at C:\Users\Ritzu\AppData\Local\Pub\Cache\hosted\pub.dev\flutter_image_compress-2.4.0\
[        ] Found plugin flutter_image_compress_web at C:\Users\Ritzu\AppData\Local\Pub\Cache\hosted\pub.dev\flutter_image_compress_web-0.1.5\
[   +1 ms] Found plugin flutter_image_compress_ohos at C:\Users\Ritzu\AppData\Local\Pub\Cache\hosted\pub.dev\flutter_image_compress_ohos-0.0.3\
[        ] Found plugin flutter_image_compress_macos at C:\Users\Ritzu\AppData\Local\Pub\Cache\hosted\pub.dev\flutter_image_compress_macos-1.0.3\
[        ] Found plugin flutter_image_compress_common at C:\Users\Ritzu\AppData\Local\Pub\Cache\hosted\pub.dev\flutter_image_compress_common-1.0.6\
[        ] Found plugin file_picker at C:\Users\Ritzu\AppData\Local\Pub\Cache\hosted\pub.dev\file_picker-8.3.7\
[        ] Found plugin flutter_plugin_android_lifecycle at C:\Users\Ritzu\AppData\Local\Pub\Cache\hosted\pub.dev\flutter_plugin_android_lifecycle-2.0.33\
[   +2 ms] Found plugin audio_service at C:\Users\Ritzu\AppData\Local\Pub\Cache\hosted\pub.dev\audio_service-0.18.18\
[   +1 ms] Found plugin sqflite at C:\Users\Ritzu\AppData\Local\Pub\Cache\hosted\pub.dev\sqflite-2.4.2\
[   +2 ms] Found plugin sqflite_darwin at C:\Users\Ritzu\AppData\Local\Pub\Cache\hosted\pub.dev\sqflite_darwin-2.4.2\
[        ] Found plugin sqflite_android at C:\Users\Ritzu\AppData\Local\Pub\Cache\hosted\pub.dev\sqflite_android-2.4.2+2\
[        ] Found plugin audio_service_web at C:\Users\Ritzu\AppData\Local\Pub\Cache\hosted\pub.dev\audio_service_web-0.1.4\
[  +12 ms] Generating C:\Users\Ritzu\Documents\flutterdemo\zmusic\android\app\src\main\java\io\flutter\plugins\GeneratedPluginRegistrant.java
[   +1 ms] Skipping generating GeneratedPluginRegistrant.java because it is up-to-date.
[   +4 ms] Skipping generating generated_plugin_registrant.h because it is up-to-date.
[   +1 ms] Skipping generating generated_plugin_registrant.cc because it is up-to-date.
[   +1 ms] Skipping generating generated_plugins.cmake because it is up-to-date.
[   +1 ms] Skipping generating generated_plugin_registrant.h because it is up-to-date.
[        ] Skipping generating generated_plugin_registrant.cc because it is up-to-date.
[   +1 ms] Skipping generating generated_plugins.cmake because it is up-to-date.
[   +2 ms] Skipping generating GeneratedPluginRegistrant.h because it is up-to-date.
[   +1 ms] Skipping generating GeneratedPluginRegistrant.m because it is up-to-date.
[   +1 ms] Skipping generating GeneratedPluginRegistrant.swift because it is up-to-date.
[  +29 ms] executing: C:\Program Files\Android\Android Studio\jbr\bin\java -version
[ +110 ms] Exit code 0 from: C:\Program Files\Android\Android Studio\jbr\bin\java -version
[        ] openjdk version "17.0.10" 2024-01-16
           OpenJDK Runtime Environment (build 17.0.10+0--11572160)
           OpenJDK 64-Bit Server VM (build 17.0.10+0--11572160, mixed mode)
[   +8 ms] Top-level Gradle build file not found, skipping migration of task "clean".
[   +2 ms] executing: C:\Program Files\Android\Android Studio\jbr\bin\java --version
[ +113 ms] Exit code 0 from: C:\Program Files\Android\Android Studio\jbr\bin\java --version
[        ] openjdk 17.0.10 2024-01-16
           OpenJDK Runtime Environment (build 17.0.10+0--11572160)
           OpenJDK 64-Bit Server VM (build 17.0.10+0--11572160, mixed mode)
[  +13 ms] CMake project not found, skipping support Android 15 16k page size migration.
[   +3 ms] Using gradle from C:\Users\Ritzu\Documents\flutterdemo\zmusic\android\gradlew.bat.
[  +47 ms] LocalFile: 'C:\Users\Ritzu\Documents\flutterdemo\zmusic\android\build.gradle.kts' doesn't provide an AGP version. Checking settings.
[   +6 ms] LocalFile: 'C:\Users\Ritzu\Documents\flutterdemo\zmusic\android\settings.gradle.kts' provides AGP version: 8.9.1
[   +1 ms] Running Gradle task 'assembleRelease'...
[        ] executing: [C:\Users\Ritzu\Documents\flutterdemo\zmusic\android/] C:\Users\Ritzu\Documents\flutterdemo\zmusic\android\gradlew.bat --full-stacktrace --info -Pverbose=true -Ptarget-platform=android-arm,android-arm64,android-x64 -Ptarget=lib\main.dart -Pbase-application-name=android.app.Application -Pdart-defines=RkxVVFRFUl9WRVJTSU9OPTMuMzUuMw==,RkxVVFRFUl9DSEFOTkVMPXN0YWJsZQ==,RkxVVFRFUl9HSVRfVVJMPWh0dHBzOi8vZ2l0aHViLmNvbS9mbHV0dGVyL2ZsdXR0ZXIuZ2l0,RkxVVFRFUl9GUkFNRVdPUktfUkVWSVNJT049YTQwMmQ5YTQzNw==,RkxVVFRFUl9FTkdJTkVfUkVWSVNJT049ZGRmNDdkZDNmZg==,RkxVVFRFUl9EQVJUX1ZFUlNJT049My45LjI= -Pdart-obfuscation=false -Ptrack-widget-creation=true -Ptree-shake-icons=false assembleRelease
[ +719 ms] Initialized native services in: C:\Users\Ritzu\.gradle\native
[        ] Initialized jansi services in: C:\Users\Ritzu\.gradle\native
[ +314 ms] Found daemon DaemonInfo{pid=3716, address=[0fd633d6-4c14-4fa5-9861-4cb3babe8c40 port:61843, addresses:[/127.0.0.1]], state=Idle, lastBusy=1761675584273, context=DefaultDaemonContext[uid=fd978b25-1ac0-4015-b333-bd8087eb6ff5,javaHome=C:\Program Files\Android\Android Studio\jbr,javaVersion=17,javaVendor=JetBrains s.r.o.,daemonRegistryDir=C:\Users\Ritzu\.gradle\daemon,pid=3716,idleTimeout=10800000,priority=NORMAL,applyInstrumentationAgent=true,nativeServicesMode=ENABLED,daemonOpts=-XX:+HeapDumpOnOutOfMemoryError,-Xmx4G,-Dfile.encoding=windows-1252,-Duser.country=PE,-Duser.language=es,-Duser.variant]} however its context does not match the desired criteria.
[        ] JVM is incompatible.
[        ] Wanted: DaemonRequestContext{jvmCriteria=C:\Program Files\Eclipse Adoptium\jdk-21.0.9.10-hotspot (from org.gradle.java.home), daemonOpts=[-XX:MaxMetaspaceSize=4G, -XX:ReservedCodeCacheSize=512m, -XX:+HeapDumpOnOutOfMemoryError, -Xmx8G, -Dfile.encoding=windows-1252, -Duser.country=US, -Duser.language=en, -Duser.variant], applyInstrumentationAgent=true, nativeServicesMode=ENABLED, priority=NORMAL}
[        ] Actual: DefaultDaemonContext[uid=fd978b25-1ac0-4015-b333-bd8087eb6ff5,javaHome=C:\Program Files\Android\Android Studio\jbr,javaVersion=17,javaVendor=JetBrains s.r.o.,daemonRegistryDir=C:\Users\Ritzu\.gradle\daemon,pid=3716,idleTimeout=10800000,priority=NORMAL,applyInstrumentationAgent=true,nativeServicesMode=ENABLED,daemonOpts=-XX:+HeapDumpOnOutOfMemoryError,-Xmx4G,-Dfile.encoding=windows-1252,-Duser.country=PE,-Duser.language=es,-Duser.variant]
[        ]   Looking for a different daemon...
[        ] Found daemon DaemonInfo{pid=13248, address=[dc988d13-c6f5-4fce-86a8-55d7f4234391 port:61068, addresses:[/127.0.0.1]], state=Idle, lastBusy=1768500978868, context=DefaultDaemonContext[uid=92e35502-0ef5-4075-acbb-3be503c93bf2,javaHome=C:\Program Files\Java\jdk-17,javaVersion=17,javaVendor=Oracle Corporation,daemonRegistryDir=C:\Users\Ritzu\.gradle\daemon,pid=13248,idleTimeout=10800000,priority=NORMAL,applyInstrumentationAgent=true,nativeServicesMode=ENABLED,daemonOpts=-XX:MaxMetaspaceSize=4G,-XX:ReservedCodeCacheSize=512m,-XX:+HeapDumpOnOutOfMemoryError,-Xmx8G,-Dfile.encoding=windows-1252,-Duser.country=US,-Duser.language=en,-Duser.variant]} however its context does not match the desired criteria.
[        ] JVM is incompatible.
[        ] Wanted: DaemonRequestContext{jvmCriteria=C:\Program Files\Eclipse Adoptium\jdk-21.0.9.10-hotspot (from org.gradle.java.home), daemonOpts=[-XX:MaxMetaspaceSize=4G, -XX:ReservedCodeCacheSize=512m, -XX:+HeapDumpOnOutOfMemoryError, -Xmx8G, -Dfile.encoding=windows-1252, -Duser.country=US, -Duser.language=en, -Duser.variant], applyInstrumentationAgent=true, nativeServicesMode=ENABLED, priority=NORMAL}
[        ] Actual: DefaultDaemonContext[uid=92e35502-0ef5-4075-acbb-3be503c93bf2,javaHome=C:\Program Files\Java\jdk-17,javaVersion=17,javaVendor=Oracle Corporation,daemonRegistryDir=C:\Users\Ritzu\.gradle\daemon,pid=13248,idleTimeout=10800000,priority=NORMAL,applyInstrumentationAgent=true,nativeServicesMode=ENABLED,daemonOpts=-XX:MaxMetaspaceSize=4G,-XX:ReservedCodeCacheSize=512m,-XX:+HeapDumpOnOutOfMemoryError,-Xmx8G,-Dfile.encoding=windows-1252,-Duser.country=US,-Duser.language=en,-Duser.variant]
[        ]   Looking for a different daemon...
[        ] Found daemon DaemonInfo{pid=6912, address=[30d24719-70ff-4972-a640-d31ebd05f061 port:60001, addresses:[/127.0.0.1]], state=Idle, lastBusy=1769048762572, context=DefaultDaemonContext[uid=0e6a8e78-91d0-4de9-9655-57bed0ad55a8,javaHome=C:\Program Files\Android\Android Studio\jbr,javaVersion=17,javaVendor=JetBrains s.r.o.,daemonRegistryDir=C:\Users\Ritzu\.gradle\daemon,pid=6912,idleTimeout=10800000,priority=NORMAL,applyInstrumentationAgent=true,nativeServicesMode=ENABLED,daemonOpts=-XX:MaxMetaspaceSize=4G,-XX:ReservedCodeCacheSize=512m,-XX:+HeapDumpOnOutOfMemoryError,-Xmx8G,-Dfile.encoding=windows-1252,-Duser.country=US,-Duser.language=en,-Duser.variant]} however its context does not match the desired criteria.
[        ] JVM is incompatible.
[        ] Wanted: DaemonRequestContext{jvmCriteria=C:\Program Files\Eclipse Adoptium\jdk-21.0.9.10-hotspot (from org.gradle.java.home), daemonOpts=[-XX:MaxMetaspaceSize=4G, -XX:ReservedCodeCacheSize=512m, -XX:+HeapDumpOnOutOfMemoryError, -Xmx8G, -Dfile.encoding=windows-1252, -Duser.country=US, -Duser.language=en, -Duser.variant], applyInstrumentationAgent=true, nativeServicesMode=ENABLED, priority=NORMAL}
[        ] Actual: DefaultDaemonContext[uid=0e6a8e78-91d0-4de9-9655-57bed0ad55a8,javaHome=C:\Program Files\Android\Android Studio\jbr,javaVersion=17,javaVendor=JetBrains s.r.o.,daemonRegistryDir=C:\Users\Ritzu\.gradle\daemon,pid=6912,idleTimeout=10800000,priority=NORMAL,applyInstrumentationAgent=true,nativeServicesMode=ENABLED,daemonOpts=-XX:MaxMetaspaceSize=4G,-XX:ReservedCodeCacheSize=512m,-XX:+HeapDumpOnOutOfMemoryError,-Xmx8G,-Dfile.encoding=windows-1252,-Duser.country=US,-Duser.language=en,-Duser.variant]
[        ]   Looking for a different daemon...
[        ] The client will now receive all logging from the daemon (pid: 4136). The daemon log file: C:\Users\Ritzu\.gradle\daemon\8.12\daemon-4136.out.log
[        ] Starting 12th build in daemon [uptime: 34 mins 0.117 secs, performance: 100%, GC rate: 0.00/s, heap usage: 0% of 8 GiB, non-heap usage: 11% of 4 GiB]
[        ] Using 12 worker leases.
[  +87 ms] Now considering [C:\Users\Ritzu\Documents\flutterdemo\zmusic\android, C:\flutter\packages\flutter_tools\gradle] as hierarchies to watch
[        ] Watching the file system is configured to be enabled if available
[        ] File system watching is active
[        ] Starting Build
[        ] Now considering [C:\flutter\packages\flutter_tools\gradle, C:\Users\Ritzu\Documents\flutterdemo\zmusic\android] as hierarchies to watch
[ +108 ms] > Configure project :gradle
[        ] Evaluating project ':gradle' using build file 'C:\flutter\packages\flutter_tools\gradle\build.gradle.kts'.
[        ] Resolved plugin [id: 'org.gradle.java-gradle-plugin']
[        ] Resolved plugin [id: 'org.gradle.groovy']
[        ] Resolved plugin [id: 'org.gradle.kotlin.kotlin-dsl', version: '5.1.2']
[        ] Resolved plugin [id: 'org.jetbrains.kotlin.jvm', version: '1.9.20']
[        ] Using Kotlin Gradle Plugin gradle85 variant
[        ] kotlin scripting plugin: created the scripting discovery configuration: kotlinScriptDef
[        ] kotlin scripting plugin: created the scripting discovery configuration: testKotlinScriptDef
[        ] file or directory 'C:\flutter\packages\flutter_tools\gradle\src\main\java', not found
[        ] Resolved plugin [id: 'dev.flutter.flutter-plugin-loader', version: '1.0.0']
[        ] Resolved plugin [id: 'com.android.application', version: '8.9.1', apply: false]
[        ] Resolved plugin [id: 'org.jetbrains.kotlin.android', version: '2.1.0', apply: false]
[        ] Resolve mutations for :gradle:checkKotlinGradlePluginConfigurationErrors (Thread[#2174,Execution worker,5,main]) started.
[        ] :gradle:checkKotlinGradlePluginConfigurationErrors (Thread[#2180,Execution worker Thread 7,5,main]) started.
[        ] > Task :gradle:checkKotlinGradlePluginConfigurationErrors SKIPPED
[        ] Skipping task ':gradle:checkKotlinGradlePluginConfigurationErrors' as task onlyIf 'errorDiagnostics are present' is false.
[        ] Resolve mutations for :gradle:compileKotlin (Thread[#2180,Execution worker Thread 7,5,main]) started.
[        ] :gradle:compileKotlin (Thread[#2180,Execution worker Thread 7,5,main]) started.
[  +89 ms] > Task :gradle:compileKotlin UP-TO-DATE
[        ] Caching disabled for task ':gradle:compileKotlin' because:
[        ]   Build cache is disabled
[        ] Skipping task ':gradle:compileKotlin' as it is up-to-date.
[        ] Resolve mutations for :gradle:compileJava (Thread[#2180,Execution worker Thread 7,5,main]) started.
[        ] :gradle:compileJava (Thread[#2180,Execution worker Thread 7,5,main]) started.
[        ] > Task :gradle:compileJava NO-SOURCE
[        ] Skipping task ':gradle:compileJava' as it has no source files and no previous output files.
[        ] Resolve mutations for :gradle:compileGroovy (Thread[#2180,Execution worker Thread 7,5,main]) started.
[        ] :gradle:compileGroovy (Thread[#2180,Execution worker Thread 7,5,main]) started.
[        ] > Task :gradle:compileGroovy NO-SOURCE
[        ] Skipping task ':gradle:compileGroovy' as it has no source files and no previous output files.
[        ] Resolve mutations for :gradle:pluginDescriptors (Thread[#2180,Execution worker Thread 7,5,main]) started.
[        ] :gradle:pluginDescriptors (Thread[#2180,Execution worker Thread 7,5,main]) started.
[        ] > Task :gradle:pluginDescriptors UP-TO-DATE
[        ] Caching disabled for task ':gradle:pluginDescriptors' because:
[        ]   Build cache is disabled
[        ]   Not worth caching
[        ] Skipping task ':gradle:pluginDescriptors' as it is up-to-date.
[        ] Resolve mutations for :gradle:processResources (Thread[#2180,Execution worker Thread 7,5,main]) started.
[        ] :gradle:processResources (Thread[#2180,Execution worker Thread 7,5,main]) started.
[        ] > Task :gradle:processResources UP-TO-DATE
[        ] Caching disabled for task ':gradle:processResources' because:
[        ]   Build cache is disabled
[        ]   Not worth caching
[        ] Skipping task ':gradle:processResources' as it is up-to-date.
[        ] Resolve mutations for :gradle:classes (Thread[#2180,Execution worker Thread 7,5,main]) started.
[        ] :gradle:classes (Thread[#2180,Execution worker Thread 7,5,main]) started.
[        ] > Task :gradle:classes UP-TO-DATE
[        ] Skipping task ':gradle:classes' as it has no actions.
[        ] Resolve mutations for :gradle:jar (Thread[#2180,Execution worker Thread 7,5,main]) started.
[        ] :gradle:jar (Thread[#2180,Execution worker Thread 7,5,main]) started.
[        ] > Task :gradle:jar UP-TO-DATE
[        ] Caching disabled for task ':gradle:jar' because:
[        ]   Build cache is disabled
[        ]   Not worth caching
[        ] Skipping task ':gradle:jar' as it is up-to-date.
[ +100 ms] Settings evaluated using settings file 'C:\Users\Ritzu\Documents\flutterdemo\zmusic\android\settings.gradle.kts'.
[        ] Projects loaded. Root project using build file 'C:\Users\Ritzu\Documents\flutterdemo\zmusic\android\build.gradle.kts'.
[        ] Included projects: [root project 'android', project ':app', project ':audio_service', project ':audio_session', project ':file_picker', project ':flutter_image_compress_common', project ':flutter_native_splash', project ':flutter_plugin_android_lifecycle', project ':home_widget', project ':just_audio', project ':on_audio_query_plus_android', project ':ota_update', project ':package_info_plus', project ':path_provider_android', project ':permission_handler_android', project ':shared_preferences_android', project ':sqflite_android']
[ +199 ms] > Configure project :app
[        ] Evaluating project ':app' using build file 'C:\Users\Ritzu\Documents\flutterdemo\zmusic\android\app\build.gradle.kts'.
[        ] Resolved plugin [id: 'com.android.application']
[        ] Resolved plugin [id: 'kotlin-android']
[        ] Resolved plugin [id: 'dev.flutter.flutter-gradle-plugin']
[        ] Using default execution profile
[        ] Using Kotlin Gradle Plugin gradle85 variant
[        ] C/C++: android.ndkVersion from module build.gradle is [27.0.12077973]
[        ] C/C++: android.ndkPath from module build.gradle is not set
[        ] C/C++: ndk.dir in local.properties is not set
[        ] C/C++: Not considering ANDROID_NDK_HOME because support was removed after deprecation period.
[        ] C/C++: sdkFolder is C:\Users\Ritzu\AppData\Local\Android\sdk
[        ] C/C++: android.ndkVersion from module build.gradle is [27.0.12077973]
[        ] C/C++: android.ndkPath from module build.gradle is not set
[        ] C/C++: ndk.dir in local.properties is not set
[        ] C/C++: Not considering ANDROID_NDK_HOME because support was removed after deprecation period.
[        ] C/C++: sdkFolder is C:\Users\Ritzu\AppData\Local\Android\sdk
[        ] C/C++: android.ndkVersion from module build.gradle is [27.0.12077973]
[        ] C/C++: android.ndkPath from module build.gradle is not set
[        ] C/C++: ndk.dir in local.properties is not set
[        ] C/C++: Not considering ANDROID_NDK_HOME because support was removed after deprecation period.
[        ] C/C++: sdkFolder is C:\Users\Ritzu\AppData\Local\Android\sdk
[        ] C/C++: android.ndkVersion from module build.gradle is [27.0.12077973]
[        ] C/C++: android.ndkPath from module build.gradle is not set
[        ] C/C++: ndk.dir in local.properties is not set
[        ] C/C++: Not considering ANDROID_NDK_HOME because support was removed after deprecation period.
[        ] C/C++: sdkFolder is C:\Users\Ritzu\AppData\Local\Android\sdk
[        ] C/C++: android.ndkVersion from module build.gradle is [27.0.12077973]
[        ] C/C++: android.ndkPath from module build.gradle is not set
[        ] C/C++: ndk.dir in local.properties is not set
[        ] C/C++: Not considering ANDROID_NDK_HOME because support was removed after deprecation period.
[        ] C/C++: sdkFolder is C:\Users\Ritzu\AppData\Local\Android\sdk
[        ] C/C++: android.ndkVersion from module build.gradle is [27.0.12077973]
[        ] C/C++: android.ndkPath from module build.gradle is not set
[        ] C/C++: ndk.dir in local.properties is not set
[        ] C/C++: Not considering ANDROID_NDK_HOME because support was removed after deprecation period.
[        ] C/C++: sdkFolder is C:\Users\Ritzu\AppData\Local\Android\sdk
[        ] C/C++: android.ndkVersion from module build.gradle is [27.0.12077973]
[        ] C/C++: android.ndkPath from module build.gradle is not set
[        ] C/C++: ndk.dir in local.properties is not set
[        ] C/C++: Not considering ANDROID_NDK_HOME because support was removed after deprecation period.
[        ] C/C++: sdkFolder is C:\Users\Ritzu\AppData\Local\Android\sdk
[        ] C/C++: android.ndkVersion from module build.gradle is [27.0.12077973]
[        ] C/C++: android.ndkPath from module build.gradle is not set
[        ] C/C++: ndk.dir in local.properties is not set
[        ] C/C++: Not considering ANDROID_NDK_HOME because support was removed after deprecation period.
[        ] C/C++: sdkFolder is C:\Users\Ritzu\AppData\Local\Android\sdk
[        ] C/C++: android.ndkVersion from module build.gradle is [27.0.12077973]
[        ] C/C++: android.ndkPath from module build.gradle is not set
[        ] C/C++: ndk.dir in local.properties is not set
[        ] C/C++: Not considering ANDROID_NDK_HOME because support was removed after deprecation period.
[        ] C/C++: sdkFolder is C:\Users\Ritzu\AppData\Local\Android\sdk
[        ] C/C++: android.ndkVersion from module build.gradle is [27.0.12077973]
[        ] C/C++: android.ndkPath from module build.gradle is not set
[        ] C/C++: ndk.dir in local.properties is not set
[        ] C/C++: Not considering ANDROID_NDK_HOME because support was removed after deprecation period.
[        ] C/C++: sdkFolder is C:\Users\Ritzu\AppData\Local\Android\sdk
[        ] C/C++: android.ndkVersion from module build.gradle is [27.0.12077973]
[        ] C/C++: android.ndkPath from module build.gradle is not set
[        ] C/C++: ndk.dir in local.properties is not set
[        ] C/C++: Not considering ANDROID_NDK_HOME because support was removed after deprecation period.
[        ] C/C++: sdkFolder is C:\Users\Ritzu\AppData\Local\Android\sdk
[        ] C/C++: android.ndkVersion from module build.gradle is [27.0.12077973]
[        ] C/C++: android.ndkPath from module build.gradle is not set
[        ] C/C++: ndk.dir in local.properties is not set
[        ] C/C++: Not considering ANDROID_NDK_HOME because support was removed after deprecation period.
[        ] C/C++: sdkFolder is C:\Users\Ritzu\AppData\Local\Android\sdk
[        ] C/C++: android.ndkVersion from module build.gradle is [27.0.12077973]
[        ] C/C++: android.ndkPath from module build.gradle is not set
[        ] C/C++: ndk.dir in local.properties is not set
[        ] C/C++: Not considering ANDROID_NDK_HOME because support was removed after deprecation period.
[        ] C/C++: sdkFolder is C:\Users\Ritzu\AppData\Local\Android\sdk
[        ] C/C++: android.ndkVersion from module build.gradle is [27.0.12077973]
[        ] C/C++: android.ndkPath from module build.gradle is not set
[        ] C/C++: ndk.dir in local.properties is not set
[        ] C/C++: Not considering ANDROID_NDK_HOME because support was removed after deprecation period.
[        ] C/C++: sdkFolder is C:\Users\Ritzu\AppData\Local\Android\sdk
[        ] C/C++: android.ndkVersion from module build.gradle is [27.0.12077973]
[        ] C/C++: android.ndkPath from module build.gradle is not set
[        ] C/C++: ndk.dir in local.properties is not set
[        ] C/C++: Not considering ANDROID_NDK_HOME because support was removed after deprecation period.
[        ] C/C++: sdkFolder is C:\Users\Ritzu\AppData\Local\Android\sdk
[        ] C/C++: android.ndkVersion from module build.gradle is [27.0.12077973]
[        ] C/C++: android.ndkPath from module build.gradle is not set
[        ] C/C++: ndk.dir in local.properties is not set
[        ] C/C++: Not considering ANDROID_NDK_HOME because support was removed after deprecation period.
[        ] C/C++: sdkFolder is C:\Users\Ritzu\AppData\Local\Android\sdk
[        ] C/C++: android.ndkVersion from module build.gradle is [27.0.12077973]
[        ] C/C++: android.ndkPath from module build.gradle is not set
[        ] C/C++: ndk.dir in local.properties is not set
[        ] C/C++: Not considering ANDROID_NDK_HOME because support was removed after deprecation period.
[        ] C/C++: sdkFolder is C:\Users\Ritzu\AppData\Local\Android\sdk
[        ] C/C++: android.ndkVersion from module build.gradle is [27.0.12077973]
[        ] C/C++: android.ndkPath from module build.gradle is not set
[        ] C/C++: ndk.dir in local.properties is not set
[        ] C/C++: Not considering ANDROID_NDK_HOME because support was removed after deprecation period.
[        ] C/C++: sdkFolder is C:\Users\Ritzu\AppData\Local\Android\sdk
[        ] C/C++: android.ndkVersion from module build.gradle is [27.0.12077973]
[        ] C/C++: android.ndkPath from module build.gradle is not set
[        ] C/C++: ndk.dir in local.properties is not set
[        ] C/C++: Not considering ANDROID_NDK_HOME because support was removed after deprecation period.
[        ] C/C++: sdkFolder is C:\Users\Ritzu\AppData\Local\Android\sdk
[        ] > Configure project :
[        ] Evaluating root project 'android' using build file 'C:\Users\Ritzu\Documents\flutterdemo\zmusic\android\build.gradle.kts'.
[ +391 ms] FAILURE: Build failed with an exception.
[   +1 ms] * Where:
[        ] Build file 'C:\Users\Ritzu\Documents\flutterdemo\zmusic\android\build.gradle.kts' line: 30
[        ] * What went wrong:
[        ] sourceCompatibility has been finalized
[        ] * Try:
[        ] > Run with --debug option to get more log output.
[        ] > Run with --scan to get full insights.
[        ] > Get more help at https://help.gradle.org.
[        ] * Exception is:
[        ] java.lang.IllegalStateException: sourceCompatibility has been finalized
[        ] 	at com.android.build.gradle.internal.CompileOptions.setSourceCompatibility(CompileOptions.kt:46)
[        ] 	at com.android.build.gradle.internal.CompileOptions$AgpDecorated_Decorated.setSourceCompatibility(Unknown Source)
[        ] 	at Build_gradle$3$configureAndroid$1$1.execute(build.gradle.kts:30)
[        ] 	at Build_gradle$3$configureAndroid$1$1.execute(build.gradle.kts:29)
[        ] 	at com.android.build.gradle.internal.dsl.ApplicationExtensionImpl$AgpDecorated.compileOptions(Unknown Source)
[        ] 	at com.android.build.gradle.internal.dsl.BaseAppModuleExtension.compileOptions(BaseAppModuleExtension.kt)
[        ] 	at Build_gradle$3$configureAndroid$1.invoke(build.gradle.kts:29)
[        ] 	at Build_gradle$3$configureAndroid$1.invoke(build.gradle.kts:27)
[        ] 	at Build_gradle$3$2.execute(build.gradle.kts:35)
[        ] 	at Build_gradle$3$2.execute(build.gradle.kts:35)
[        ] 	at org.gradle.internal.code.DefaultUserCodeApplicationContext$CurrentApplication$1.execute(DefaultUserCodeApplicationContext.java:124)
[        ] 	at org.gradle.api.internal.DefaultCollectionCallbackActionDecorator$BuildOperationEmittingAction$1.run(DefaultCollectionCallbackActionDecorator.java:110)
[        ] 	at org.gradle.internal.operations.DefaultBuildOperationRunner$1.execute(DefaultBuildOperationRunner.java:29)
[        ] 	at org.gradle.internal.operations.DefaultBuildOperationRunner$1.execute(DefaultBuildOperationRunner.java:26)
[        ] 	at org.gradle.internal.operations.DefaultBuildOperationRunner$2.execute(DefaultBuildOperationRunner.java:66)
[        ] 	at org.gradle.internal.operations.DefaultBuildOperationRunner$2.execute(DefaultBuildOperationRunner.java:59)
[        ] 	at org.gradle.internal.operations.DefaultBuildOperationRunner.execute(DefaultBuildOperationRunner.java:166)
[        ] 	at org.gradle.internal.operations.DefaultBuildOperationRunner.execute(DefaultBuildOperationRunner.java:59)
[        ] 	at org.gradle.internal.operations.DefaultBuildOperationRunner.run(DefaultBuildOperationRunner.java:47)
[        ] 	at org.gradle.api.internal.DefaultCollectionCallbackActionDecorator$BuildOperationEmittingAction.execute(DefaultCollectionCallbackActionDecorator.java:107)
[        ] 	at org.gradle.api.internal.collections.CollectionFilter$1.execute(CollectionFilter.java:62)
[        ] 	at org.gradle.api.internal.DefaultDomainObjectCollection.all(DefaultDomainObjectCollection.java:185)
[        ] 	at org.gradle.api.internal.plugins.DefaultPluginContainer$2.execute(DefaultPluginContainer.java:163)
[        ] 	at org.gradle.api.internal.plugins.DefaultPluginContainer$2.execute(DefaultPluginContainer.java:154)
[        ] 	at org.gradle.internal.code.DefaultUserCodeApplicationContext$CurrentApplication$1.execute(DefaultUserCodeApplicationContext.java:124)
[        ] 	at org.gradle.api.internal.DefaultCollectionCallbackActionDecorator$BuildOperationEmittingAction$1.run(DefaultCollectionCallbackActionDecorator.java:110)
[        ] 	at org.gradle.internal.operations.DefaultBuildOperationRunner$1.execute(DefaultBuildOperationRunner.java:29)
[        ] 	at org.gradle.internal.operations.DefaultBuildOperationRunner$1.execute(DefaultBuildOperationRunner.java:26)
[        ] 	at org.gradle.internal.operations.DefaultBuildOperationRunner$2.execute(DefaultBuildOperationRunner.java:66)
[        ] 	at org.gradle.internal.operations.DefaultBuildOperationRunner$2.execute(DefaultBuildOperationRunner.java:59)
[        ] 	at org.gradle.internal.operations.DefaultBuildOperationRunner.execute(DefaultBuildOperationRunner.java:166)
[        ] 	at org.gradle.internal.operations.DefaultBuildOperationRunner.execute(DefaultBuildOperationRunner.java:59)
[        ] 	at org.gradle.internal.operations.DefaultBuildOperationRunner.run(DefaultBuildOperationRunner.java:47)
[        ] 	at org.gradle.api.internal.DefaultCollectionCallbackActionDecorator$BuildOperationEmittingAction.execute(DefaultCollectionCallbackActionDecorator.java:107)
[        ] 	at org.gradle.api.internal.DefaultDomainObjectCollection.all(DefaultDomainObjectCollection.java:185)
[        ] 	at org.gradle.api.internal.plugins.DefaultPluginContainer.withId(DefaultPluginContainer.java:167)
[        ] 	at Build_gradle$3.execute(build.gradle.kts:35)
[        ] 	at Build_gradle$3.execute(build.gradle.kts:19)
[        ] 	at org.gradle.api.internal.DefaultMutationGuard$1.execute(DefaultMutationGuard.java:66)
[        ] 	at org.gradle.internal.Actions.with(Actions.java:206)
[        ] 	at org.gradle.api.internal.project.BuildOperationCrossProjectConfigurator$1.run(BuildOperationCrossProjectConfigurator.java:68)
[        ] 	at org.gradle.internal.operations.DefaultBuildOperationRunner$1.execute(DefaultBuildOperationRunner.java:29)
[        ] 	at org.gradle.internal.operations.DefaultBuildOperationRunner$1.execute(DefaultBuildOperationRunner.java:26)
[        ] 	at org.gradle.internal.operations.DefaultBuildOperationRunner$2.execute(DefaultBuildOperationRunner.java:66)
[        ] 	at org.gradle.internal.operations.DefaultBuildOperationRunner$2.execute(DefaultBuildOperationRunner.java:59)
[        ] 	at org.gradle.internal.operations.DefaultBuildOperationRunner.execute(DefaultBuildOperationRunner.java:166)
[        ] 	at org.gradle.internal.operations.DefaultBuildOperationRunner.execute(DefaultBuildOperationRunner.java:59)
[        ] 	at org.gradle.internal.operations.DefaultBuildOperationRunner.run(DefaultBuildOperationRunner.java:47)
[        ] 	at org.gradle.api.internal.project.BuildOperationCrossProjectConfigurator.lambda$runProjectConfigureAction$0(BuildOperationCrossProjectConfigurator.java:65)
[        ] 	at org.gradle.api.internal.project.DefaultProjectStateRegistry$ProjectStateImpl.lambda$applyToMutableState$1(DefaultProjectStateRegistry.java:411)
[        ] 	at org.gradle.api.internal.project.DefaultProjectStateRegistry$ProjectStateImpl.fromMutableState(DefaultProjectStateRegistry.java:429)
[        ] 	at org.gradle.api.internal.project.DefaultProjectStateRegistry$ProjectStateImpl.applyToMutableState(DefaultProjectStateRegistry.java:410)
[        ] 	at org.gradle.api.internal.project.BuildOperationCrossProjectConfigurator.runProjectConfigureAction(BuildOperationCrossProjectConfigurator.java:65)
[        ] 	at org.gradle.api.internal.project.BuildOperationCrossProjectConfigurator.access$100(BuildOperationCrossProjectConfigurator.java:31)
[        ] 	at org.gradle.api.internal.project.BuildOperationCrossProjectConfigurator$BlockConfigureBuildOperation.run(BuildOperationCrossProjectConfigurator.java:106)
[        ] 	at org.gradle.internal.operations.DefaultBuildOperationRunner$1.execute(DefaultBuildOperationRunner.java:29)
[        ] 	at org.gradle.internal.operations.DefaultBuildOperationRunner$1.execute(DefaultBuildOperationRunner.java:26)
[        ] 	at org.gradle.internal.operations.DefaultBuildOperationRunner$2.execute(DefaultBuildOperationRunner.java:66)
[        ] 	at org.gradle.internal.operations.DefaultBuildOperationRunner$2.execute(DefaultBuildOperationRunner.java:59)
[        ] 	at org.gradle.internal.operations.DefaultBuildOperationRunner.execute(DefaultBuildOperationRunner.java:166)
[        ] 	at org.gradle.internal.operations.DefaultBuildOperationRunner.execute(DefaultBuildOperationRunner.java:59)
[        ] 	at org.gradle.internal.operations.DefaultBuildOperationRunner.run(DefaultBuildOperationRunner.java:47)
[        ] 	at org.gradle.api.internal.project.BuildOperationCrossProjectConfigurator.runBlockConfigureAction(BuildOperationCrossProjectConfigurator.java:61)
[        ] 	at org.gradle.api.internal.project.BuildOperationCrossProjectConfigurator.subprojects(BuildOperationCrossProjectConfigurator.java:47)
[        ] 	at org.gradle.api.internal.project.DefaultProject.subprojects(DefaultProject.java:781)
[        ] 	at org.gradle.api.internal.project.DefaultProject.subprojects(DefaultProject.java:776)
[        ] 	at Build_gradle.<init>(build.gradle.kts:19)
[        ] 	at Program.execute(Unknown Source)
[        ] 	at org.gradle.kotlin.dsl.execution.Interpreter$ProgramHost.eval(Interpreter.kt:516)
[        ] 	at org.gradle.kotlin.dsl.execution.Interpreter$ProgramHost.evaluateSecondStageOf(Interpreter.kt:428)
[        ] 	at Program.execute(Unknown Source)
[        ] 	at org.gradle.kotlin.dsl.execution.Interpreter$ProgramHost.eval(Interpreter.kt:516)
[        ] 	at org.gradle.kotlin.dsl.execution.Interpreter.eval(Interpreter.kt:194)
[        ] 	at org.gradle.kotlin.dsl.provider.StandardKotlinScriptEvaluator.evaluate(KotlinScriptEvaluator.kt:130)
[        ] 	at org.gradle.kotlin.dsl.provider.KotlinScriptPluginFactory$create$1.invoke(KotlinScriptPluginFactory.kt:62)
[        ] 	at org.gradle.kotlin.dsl.provider.KotlinScriptPluginFactory$create$1.invoke(KotlinScriptPluginFactory.kt:48)
[        ] 	at org.gradle.kotlin.dsl.provider.KotlinScriptPlugin.apply(KotlinScriptPlugin.kt:35)
[        ] 	at org.gradle.configuration.BuildOperationScriptPlugin$1.run(BuildOperationScriptPlugin.java:68)
[        ] 	at org.gradle.internal.operations.DefaultBuildOperationRunner$1.execute(DefaultBuildOperationRunner.java:29)
[        ] 	at org.gradle.internal.operations.DefaultBuildOperationRunner$1.execute(DefaultBuildOperationRunner.java:26)
[        ] 	at org.gradle.internal.operations.DefaultBuildOperationRunner$2.execute(DefaultBuildOperationRunner.java:66)
[        ] 	at org.gradle.internal.operations.DefaultBuildOperationRunner$2.execute(DefaultBuildOperationRunner.java:59)
[        ] 	at org.gradle.internal.operations.DefaultBuildOperationRunner.execute(DefaultBuildOperationRunner.java:166)
[        ] 	at org.gradle.internal.operations.DefaultBuildOperationRunner.execute(DefaultBuildOperationRunner.java:59)
[        ] 	at org.gradle.internal.operations.DefaultBuildOperationRunner.run(DefaultBuildOperationRunner.java:47)
[        ] 	at org.gradle.configuration.BuildOperationScriptPlugin.lambda$apply$0(BuildOperationScriptPlugin.java:65)
[        ] 	at org.gradle.internal.code.DefaultUserCodeApplicationContext.apply(DefaultUserCodeApplicationContext.java:44)
[        ] 	at org.gradle.configuration.BuildOperationScriptPlugin.apply(BuildOperationScriptPlugin.java:65)
[        ] 	at org.gradle.api.internal.project.DefaultProjectStateRegistry$ProjectStateImpl.lambda$applyToMutableState$1(DefaultProjectStateRegistry.java:411)
[        ] 	at org.gradle.api.internal.project.DefaultProjectStateRegistry$ProjectStateImpl.fromMutableState(DefaultProjectStateRegistry.java:429)
[        ] 	at org.gradle.api.internal.project.DefaultProjectStateRegistry$ProjectStateImpl.applyToMutableState(DefaultProjectStateRegistry.java:410)
[        ] 	at org.gradle.configuration.project.BuildScriptProcessor.execute(BuildScriptProcessor.java:46)
[        ] 	at org.gradle.configuration.project.BuildScriptProcessor.execute(BuildScriptProcessor.java:27)
[        ] 	at org.gradle.configuration.project.ConfigureActionsProjectEvaluator.evaluate(ConfigureActionsProjectEvaluator.java:35)
[        ] 	at org.gradle.configuration.project.LifecycleProjectEvaluator$EvaluateProject.lambda$run$0(LifecycleProjectEvaluator.java:109)
[        ] 	at org.gradle.api.internal.project.DefaultProjectStateRegistry$ProjectStateImpl.lambda$applyToMutableState$1(DefaultProjectStateRegistry.java:411)
[        ] 	at org.gradle.api.internal.project.DefaultProjectStateRegistry$ProjectStateImpl.lambda$fromMutableState$2(DefaultProjectStateRegistry.java:434)
[        ] 	at org.gradle.internal.work.DefaultWorkerLeaseService.withReplacedLocks(DefaultWorkerLeaseService.java:359)
[        ] 	at org.gradle.api.internal.project.DefaultProjectStateRegistry$ProjectStateImpl.fromMutableState(DefaultProjectStateRegistry.java:434)
[        ] 	at org.gradle.api.internal.project.DefaultProjectStateRegistry$ProjectStateImpl.applyToMutableState(DefaultProjectStateRegistry.java:410)
[        ] 	at org.gradle.configuration.project.LifecycleProjectEvaluator$EvaluateProject.run(LifecycleProjectEvaluator.java:100)
[        ] 	at org.gradle.internal.operations.DefaultBuildOperationRunner$1.execute(DefaultBuildOperationRunner.java:29)
[        ] 	at org.gradle.internal.operations.DefaultBuildOperationRunner$1.execute(DefaultBuildOperationRunner.java:26)
[        ] 	at org.gradle.internal.operations.DefaultBuildOperationRunner$2.execute(DefaultBuildOperationRunner.java:66)
[   +7 ms] 	at org.gradle.internal.operations.DefaultBuildOperationRunner$2.execute(DefaultBuildOperationRunner.java:59)
[        ] 	at org.gradle.internal.operations.DefaultBuildOperationRunner.execute(DefaultBuildOperationRunner.java:166)
[        ] 	at org.gradle.internal.operations.DefaultBuildOperationRunner.execute(DefaultBuildOperationRunner.java:59)
[        ] 	at org.gradle.internal.operations.DefaultBuildOperationRunner.run(DefaultBuildOperationRunner.java:47)
[        ] 	at org.gradle.configuration.project.LifecycleProjectEvaluator.evaluate(LifecycleProjectEvaluator.java:72)
[        ] 	at org.gradle.api.internal.project.DefaultProject.evaluateUnchecked(DefaultProject.java:828)
[        ] 	at org.gradle.api.internal.project.ProjectLifecycleController.lambda$ensureSelfConfigured$2(ProjectLifecycleController.java:85)
[        ] 	at org.gradle.internal.model.StateTransitionController.lambda$doTransition$14(StateTransitionController.java:255)
[        ] 	at org.gradle.internal.model.StateTransitionController.doTransition(StateTransitionController.java:266)
[        ] 	at org.gradle.internal.model.StateTransitionController.doTransition(StateTransitionController.java:254)
[        ] 	at org.gradle.internal.model.StateTransitionController.lambda$maybeTransitionIfNotCurrentlyTransitioning$10(StateTransitionController.java:199)
[        ] 	at org.gradle.internal.work.DefaultSynchronizer.withLock(DefaultSynchronizer.java:36)
[        ] 	at org.gradle.internal.model.StateTransitionController.maybeTransitionIfNotCurrentlyTransitioning(StateTransitionController.java:195)
[        ] 	at org.gradle.api.internal.project.ProjectLifecycleController.ensureSelfConfigured(ProjectLifecycleController.java:85)
[        ] 	at org.gradle.api.internal.project.DefaultProjectStateRegistry$ProjectStateImpl.ensureConfigured(DefaultProjectStateRegistry.java:385)
[        ] 	at org.gradle.execution.TaskPathProjectEvaluator.configure(TaskPathProjectEvaluator.java:42)
[        ] 	at org.gradle.execution.TaskPathProjectEvaluator.configureHierarchy(TaskPathProjectEvaluator.java:56)
[        ] 	at org.gradle.configuration.DefaultProjectsPreparer.prepareProjects(DefaultProjectsPreparer.java:50)
[        ] 	at org.gradle.configuration.BuildTreePreparingProjectsPreparer.prepareProjects(BuildTreePreparingProjectsPreparer.java:65)
[        ] 	at org.gradle.configuration.BuildOperationFiringProjectsPreparer$ConfigureBuild.run(BuildOperationFiringProjectsPreparer.java:52)
[        ] 	at org.gradle.internal.operations.DefaultBuildOperationRunner$1.execute(DefaultBuildOperationRunner.java:29)
[        ] 	at org.gradle.internal.operations.DefaultBuildOperationRunner$1.execute(DefaultBuildOperationRunner.java:26)
[        ] 	at org.gradle.internal.operations.DefaultBuildOperationRunner$2.execute(DefaultBuildOperationRunner.java:66)
[        ] 	at org.gradle.internal.operations.DefaultBuildOperationRunner$2.execute(DefaultBuildOperationRunner.java:59)
[        ] 	at org.gradle.internal.operations.DefaultBuildOperationRunner.execute(DefaultBuildOperationRunner.java:166)
[        ] 	at org.gradle.internal.operations.DefaultBuildOperationRunner.execute(DefaultBuildOperationRunner.java:59)
[        ] 	at org.gradle.internal.operations.DefaultBuildOperationRunner.run(DefaultBuildOperationRunner.java:47)
[        ] 	at org.gradle.configuration.BuildOperationFiringProjectsPreparer.prepareProjects(BuildOperationFiringProjectsPreparer.java:40)
[        ] 	at org.gradle.initialization.VintageBuildModelController.lambda$prepareProjects$2(VintageBuildModelController.java:84)
[        ] 	at org.gradle.internal.model.StateTransitionController.lambda$doTransition$14(StateTransitionController.java:255)
[        ] 	at org.gradle.internal.model.StateTransitionController.doTransition(StateTransitionController.java:266)
[        ] 	at org.gradle.internal.model.StateTransitionController.doTransition(StateTransitionController.java:254)
[        ] 	at org.gradle.internal.model.StateTransitionController.lambda$transitionIfNotPreviously$11(StateTransitionController.java:213)
[        ] 	at org.gradle.internal.work.DefaultSynchronizer.withLock(DefaultSynchronizer.java:36)
[        ] 	at org.gradle.internal.model.StateTransitionController.transitionIfNotPreviously(StateTransitionController.java:209)
[        ] 	at org.gradle.initialization.VintageBuildModelController.prepareProjects(VintageBuildModelController.java:84)
[        ] 	at org.gradle.initialization.VintageBuildModelController.prepareToScheduleTasks(VintageBuildModelController.java:71)
[        ] 	at org.gradle.internal.build.DefaultBuildLifecycleController.lambda$prepareToScheduleTasks$6(DefaultBuildLifecycleController.java:175)
[        ] 	at org.gradle.internal.model.StateTransitionController.lambda$doTransition$14(StateTransitionController.java:255)
[        ] 	at org.gradle.internal.model.StateTransitionController.doTransition(StateTransitionController.java:266)
[        ] 	at org.gradle.internal.model.StateTransitionController.doTransition(StateTransitionController.java:254)
[        ] 	at org.gradle.internal.model.StateTransitionController.lambda$maybeTransition$9(StateTransitionController.java:190)
[        ] 	at org.gradle.internal.work.DefaultSynchronizer.withLock(DefaultSynchronizer.java:36)
[        ] 	at org.gradle.internal.model.StateTransitionController.maybeTransition(StateTransitionController.java:186)
[        ] 	at org.gradle.internal.build.DefaultBuildLifecycleController.prepareToScheduleTasks(DefaultBuildLifecycleController.java:173)
[        ] 	at org.gradle.internal.buildtree.DefaultBuildTreeWorkPreparer.scheduleRequestedTasks(DefaultBuildTreeWorkPreparer.java:36)
[        ] 	at org.gradle.internal.cc.impl.VintageBuildTreeWorkController$scheduleAndRunRequestedTasks$1.apply(VintageBuildTreeWorkController.kt:36)
[        ] 	at org.gradle.internal.cc.impl.VintageBuildTreeWorkController$scheduleAndRunRequestedTasks$1.apply(VintageBuildTreeWorkController.kt:35)
[        ] 	at org.gradle.composite.internal.DefaultIncludedBuildTaskGraph.withNewWorkGraph(DefaultIncludedBuildTaskGraph.java:112)
[        ] 	at org.gradle.internal.cc.impl.VintageBuildTreeWorkController.scheduleAndRunRequestedTasks(VintageBuildTreeWorkController.kt:35)
[        ] 	at org.gradle.internal.buildtree.DefaultBuildTreeLifecycleController.lambda$scheduleAndRunTasks$1(DefaultBuildTreeLifecycleController.java:77)
[        ] 	at org.gradle.internal.buildtree.DefaultBuildTreeLifecycleController.lambda$runBuild$4(DefaultBuildTreeLifecycleController.java:120)
[        ] 	at org.gradle.internal.model.StateTransitionController.lambda$transition$6(StateTransitionController.java:169)
[        ] 	at org.gradle.internal.model.StateTransitionController.doTransition(StateTransitionController.java:266)
[        ] 	at org.gradle.internal.model.StateTransitionController.lambda$transition$7(StateTransitionController.java:169)
[        ] 	at org.gradle.internal.work.DefaultSynchronizer.withLock(DefaultSynchronizer.java:46)
[        ] 	at org.gradle.internal.model.StateTransitionController.transition(StateTransitionController.java:169)
[        ] 	at org.gradle.internal.buildtree.DefaultBuildTreeLifecycleController.runBuild(DefaultBuildTreeLifecycleController.java:117)
[        ] 	at org.gradle.internal.buildtree.DefaultBuildTreeLifecycleController.scheduleAndRunTasks(DefaultBuildTreeLifecycleController.java:77)
[        ] 	at org.gradle.internal.buildtree.DefaultBuildTreeLifecycleController.scheduleAndRunTasks(DefaultBuildTreeLifecycleController.java:72)
[        ] 	at org.gradle.tooling.internal.provider.ExecuteBuildActionRunner.run(ExecuteBuildActionRunner.java:31)
[        ] 	at org.gradle.launcher.exec.ChainingBuildActionRunner.run(ChainingBuildActionRunner.java:35)
[        ] 	at org.gradle.internal.buildtree.ProblemReportingBuildActionRunner.run(ProblemReportingBuildActionRunner.java:49)
[        ] 	at org.gradle.launcher.exec.BuildOutcomeReportingBuildActionRunner.run(BuildOutcomeReportingBuildActionRunner.java:71)
[        ] 	at org.gradle.tooling.internal.provider.FileSystemWatchingBuildActionRunner.run(FileSystemWatchingBuildActionRunner.java:135)
[        ] 	at org.gradle.launcher.exec.BuildCompletionNotifyingBuildActionRunner.run(BuildCompletionNotifyingBuildActionRunner.java:41)
[        ] 	at org.gradle.launcher.exec.RootBuildLifecycleBuildActionExecutor.lambda$execute$0(RootBuildLifecycleBuildActionExecutor.java:54)
[        ] 	at org.gradle.composite.internal.DefaultRootBuildState.run(DefaultRootBuildState.java:130)
[        ] 	at org.gradle.launcher.exec.RootBuildLifecycleBuildActionExecutor.execute(RootBuildLifecycleBuildActionExecutor.java:54)
[        ] 	at org.gradle.internal.buildtree.InitDeprecationLoggingActionExecutor.execute(InitDeprecationLoggingActionExecutor.java:62)
[        ] 	at org.gradle.internal.buildtree.InitProblems.execute(InitProblems.java:36)
[        ] 	at org.gradle.internal.buildtree.DefaultBuildTreeContext.execute(DefaultBuildTreeContext.java:40)
[        ] 	at org.gradle.launcher.exec.BuildTreeLifecycleBuildActionExecutor.lambda$execute$0(BuildTreeLifecycleBuildActionExecutor.java:71)
[        ] 	at org.gradle.internal.buildtree.BuildTreeState.run(BuildTreeState.java:60)
[        ] 	at org.gradle.launcher.exec.BuildTreeLifecycleBuildActionExecutor.execute(BuildTreeLifecycleBuildActionExecutor.java:71)
[        ] 	at org.gradle.launcher.exec.RunAsBuildOperationBuildActionExecutor$2.call(RunAsBuildOperationBuildActionExecutor.java:67)
[        ] 	at org.gradle.launcher.exec.RunAsBuildOperationBuildActionExecutor$2.call(RunAsBuildOperationBuildActionExecutor.java:63)
[        ] 	at org.gradle.internal.operations.DefaultBuildOperationRunner$CallableBuildOperationWorker.execute(DefaultBuildOperationRunner.java:209)
[        ] 	at org.gradle.internal.operations.DefaultBuildOperationRunner$CallableBuildOperationWorker.execute(DefaultBuildOperationRunner.java:204)
[        ] 	at org.gradle.internal.operations.DefaultBuildOperationRunner$2.execute(DefaultBuildOperationRunner.java:66)
[        ] 	at org.gradle.internal.operations.DefaultBuildOperationRunner$2.execute(DefaultBuildOperationRunner.java:59)
[        ] 	at org.gradle.internal.operations.DefaultBuildOperationRunner.execute(DefaultBuildOperationRunner.java:166)
[        ] 	at org.gradle.internal.operations.DefaultBuildOperationRunner.execute(DefaultBuildOperationRunner.java:59)
[        ] 	at org.gradle.internal.operations.DefaultBuildOperationRunner.call(DefaultBuildOperationRunner.java:53)
[        ] 	at org.gradle.launcher.exec.RunAsBuildOperationBuildActionExecutor.execute(RunAsBuildOperationBuildActionExecutor.java:63)
[        ] 	at org.gradle.launcher.exec.RunAsWorkerThreadBuildActionExecutor.lambda$execute$0(RunAsWorkerThreadBuildActionExecutor.java:36)
[        ] 	at org.gradle.internal.work.DefaultWorkerLeaseService.withLocks(DefaultWorkerLeaseService.java:263)
[        ] 	at org.gradle.internal.work.DefaultWorkerLeaseService.runAsWorkerThread(DefaultWorkerLeaseService.java:127)
[        ] 	at org.gradle.launcher.exec.RunAsWorkerThreadBuildActionExecutor.execute(RunAsWorkerThreadBuildActionExecutor.java:36)
[        ] 	at org.gradle.tooling.internal.provider.continuous.ContinuousBuildActionExecutor.execute(ContinuousBuildActionExecutor.java:110)
[        ] 	at org.gradle.tooling.internal.provider.SubscribableBuildActionExecutor.execute(SubscribableBuildActionExecutor.java:64)
[        ] 	at org.gradle.internal.session.DefaultBuildSessionContext.execute(DefaultBuildSessionContext.java:46)
[        ] 	at org.gradle.internal.buildprocess.execution.BuildSessionLifecycleBuildActionExecutor$ActionImpl.apply(BuildSessionLifecycleBuildActionExecutor.java:92)
[        ] 	at org.gradle.internal.buildprocess.execution.BuildSessionLifecycleBuildActionExecutor$ActionImpl.apply(BuildSessionLifecycleBuildActionExecutor.java:80)
[        ] 	at org.gradle.internal.session.BuildSessionState.run(BuildSessionState.java:71)
[        ] 	at org.gradle.internal.buildprocess.execution.BuildSessionLifecycleBuildActionExecutor.execute(BuildSessionLifecycleBuildActionExecutor.java:62)
[        ] 	at org.gradle.internal.buildprocess.execution.BuildSessionLifecycleBuildActionExecutor.execute(BuildSessionLifecycleBuildActionExecutor.java:41)
[        ] 	at org.gradle.internal.buildprocess.execution.StartParamsValidatingActionExecutor.execute(StartParamsValidatingActionExecutor.java:64)
[        ] 	at org.gradle.internal.buildprocess.execution.StartParamsValidatingActionExecutor.execute(StartParamsValidatingActionExecutor.java:32)
[        ] 	at org.gradle.internal.buildprocess.execution.SessionFailureReportingActionExecutor.execute(SessionFailureReportingActionExecutor.java:51)
[        ] 	at org.gradle.internal.buildprocess.execution.SessionFailureReportingActionExecutor.execute(SessionFailureReportingActionExecutor.java:39)
[        ] 	at org.gradle.internal.buildprocess.execution.SetupLoggingActionExecutor.execute(SetupLoggingActionExecutor.java:47)
[        ] 	at org.gradle.internal.buildprocess.execution.SetupLoggingActionExecutor.execute(SetupLoggingActionExecutor.java:31)
[        ] 	at org.gradle.launcher.daemon.server.exec.ExecuteBuild.doBuild(ExecuteBuild.java:70)
[        ] 	at org.gradle.launcher.daemon.server.exec.BuildCommandOnly.execute(BuildCommandOnly.java:37)
[        ] 	at org.gradle.launcher.daemon.server.api.DaemonCommandExecution.proceed(DaemonCommandExecution.java:104)
[        ] 	at org.gradle.launcher.daemon.server.exec.WatchForDisconnection.execute(WatchForDisconnection.java:39)
[        ] 	at org.gradle.launcher.daemon.server.api.DaemonCommandExecution.proceed(DaemonCommandExecution.java:104)
[        ] 	at org.gradle.launcher.daemon.server.exec.ResetDeprecationLogger.execute(ResetDeprecationLogger.java:29)
[        ] 	at org.gradle.launcher.daemon.server.api.DaemonCommandExecution.proceed(DaemonCommandExecution.java:104)
[        ] 	at org.gradle.launcher.daemon.server.exec.RequestStopIfSingleUsedDaemon.execute(RequestStopIfSingleUsedDaemon.java:35)
[        ] 	at org.gradle.launcher.daemon.server.api.DaemonCommandExecution.proceed(DaemonCommandExecution.java:104)
[        ] 	at org.gradle.launcher.daemon.server.exec.ForwardClientInput.lambda$execute$0(ForwardClientInput.java:40)
[        ] 	at org.gradle.internal.daemon.clientinput.ClientInputForwarder.forwardInput(ClientInputForwarder.java:80)
[        ] 	at org.gradle.launcher.daemon.server.exec.ForwardClientInput.execute(ForwardClientInput.java:37)
[        ] 	at org.gradle.launcher.daemon.server.api.DaemonCommandExecution.proceed(DaemonCommandExecution.java:104)
[        ] 	at org.gradle.launcher.daemon.server.exec.LogAndCheckHealth.execute(LogAndCheckHealth.java:64)
[        ] 	at org.gradle.launcher.daemon.server.api.DaemonCommandExecution.proceed(DaemonCommandExecution.java:104)
[        ] 	at org.gradle.launcher.daemon.server.exec.LogToClient.doBuild(LogToClient.java:63)
[        ] 	at org.gradle.launcher.daemon.server.exec.BuildCommandOnly.execute(BuildCommandOnly.java:37)
[        ] 	at org.gradle.launcher.daemon.server.api.DaemonCommandExecution.proceed(DaemonCommandExecution.java:104)
[        ] 	at org.gradle.launcher.daemon.server.exec.EstablishBuildEnvironment.doBuild(EstablishBuildEnvironment.java:84)
[        ] 	at org.gradle.launcher.daemon.server.exec.BuildCommandOnly.execute(BuildCommandOnly.java:37)
[        ] 	at org.gradle.launcher.daemon.server.api.DaemonCommandExecution.proceed(DaemonCommandExecution.java:104)
[        ] 	at org.gradle.launcher.daemon.server.exec.StartBuildOrRespondWithBusy$1.run(StartBuildOrRespondWithBusy.java:52)
[        ] 	at org.gradle.launcher.daemon.server.DaemonStateCoordinator.lambda$runCommand$0(DaemonStateCoordinator.java:321)
[        ] 	at org.gradle.internal.concurrent.ExecutorPolicy$CatchAndRecordFailures.onExecute(ExecutorPolicy.java:64)
[        ] 	at org.gradle.internal.concurrent.AbstractManagedExecutor$1.run(AbstractManagedExecutor.java:48)
[        ] 	at java.base/java.util.concurrent.ThreadPoolExecutor.runWorker(ThreadPoolExecutor.java:1144)
[        ] 	at java.base/java.util.concurrent.ThreadPoolExecutor$Worker.run(ThreadPoolExecutor.java:642)
[        ] 	at java.base/java.lang.Thread.run(Thread.java:1583)
[        ] BUILD FAILED in 1s
[        ] 4 actionable tasks: 4 up-to-date
[        ] Watched directory hierarchies: [C:\flutter\packages\flutter_tools\gradle, C:\Users\Ritzu\Documents\flutterdemo\zmusic\android]
[  +61 ms] Running Gradle task 'assembleRelease'... (completed in 2,140ms)
[   +1 ms] "flutter apk" took 3,476ms.
[  +40 ms] Gradle task assembleRelease failed with exit code 1
[   +1 ms] 
           #0      throwToolExit (package:flutter_tools/src/base/common.dart:34:3)
           #1      AndroidGradleBuilder.buildGradleApp (package:flutter_tools/src/android/gradle.dart:600:7)
           <asynchronous suspension>
           #2      AndroidGradleBuilder.buildApk (package:flutter_tools/src/android/gradle.dart:239:5)
           <asynchronous suspension>
           #3      BuildApkCommand.runCommand (package:flutter_tools/src/commands/build_apk.dart:131:5)
           <asynchronous suspension>
           #4      FlutterCommand.run.<anonymous closure> (package:flutter_tools/src/runner/flutter_command.dart:1581:27)
           <asynchronous suspension>
           #5      AppContext.run.<anonymous closure> (package:flutter_tools/src/base/context.dart:154:19)
           <asynchronous suspension>
           #6      CommandRunner.runCommand (package:args/command_runner.dart:212:13)
           <asynchronous suspension>
           #7      FlutterCommandRunner.runCommand.<anonymous closure> (package:flutter_tools/src/runner/flutter_command_runner.dart:503:9)
           <asynchronous suspension>
           #8      AppContext.run.<anonymous closure> (package:flutter_tools/src/base/context.dart:154:19)
           <asynchronous suspension>
           #9      FlutterCommandRunner.runCommand (package:flutter_tools/src/runner/flutter_command_runner.dart:438:5)
           <asynchronous suspension>
           #10     run.<anonymous closure>.<anonymous closure> (package:flutter_tools/runner.dart:98:11)
           <asynchronous suspension>
           #11     AppContext.run.<anonymous closure> (package:flutter_tools/src/base/context.dart:154:19)
           <asynchronous suspension>
           #12     main (package:flutter_tools/executable.dart:101:3)
           <asynchronous suspension>


[        ] Running 1 shutdown hook
[        ] Shutdown hooks complete
[        ] exiting with code 1
